<?xml version="1.0" encoding="UTF-8"?>
<robot generator="Robot 7.0 (Python 3.11.5 on win32)" generated="2024-02-17T22:50:56.951307" rpa="false" schemaversion="5">
<suite id="s1" name="Rf Project" source="c:\Users\konst\Desktop\RPA\RPA\rf_project.robot">
<test id="s1-t1" name="Read CSV file to list" line="27">
<kw name="Make Connection">
<kw name="Connect To Database" owner="DatabaseLibrary">
<msg time="2024-02-17T22:50:57.100163" level="INFO">Connecting using : pymysql.connect(db=rpakurssi, user=konstalaineinen, passwd=***, host=localhost, port=3306, charset=None)</msg>
<arg>pymysql</arg>
<arg>${dbtoconnect}</arg>
<arg>${dbuser}</arg>
<arg>${dbpass}</arg>
<arg>${dbhost}</arg>
<arg>${dbport}</arg>
<doc>Loads the DB API 2.0 module given ``dbapiModuleName`` then uses it to
connect to the database using provided parameters such as ``dbName``, ``dbUsername``, and ``dbPassword``.</doc>
<status status="PASS" start="2024-02-17T22:50:57.036288" elapsed="0.074222"/>
</kw>
<arg>${dbname}</arg>
<status status="PASS" start="2024-02-17T22:50:57.035266" elapsed="0.075761"/>
</kw>
<kw name="Get File" owner="OperatingSystem">
<msg time="2024-02-17T22:50:57.112050" level="INFO" html="true">Getting file '&lt;a href="file://C:\Users\konst\Desktop\RPA\InvoiceHeaderData.csv"&gt;C:\Users\konst\Desktop\RPA\InvoiceHeaderData.csv&lt;/a&gt;'.</msg>
<msg time="2024-02-17T22:50:57.112563" level="INFO">${outputHeader} = ﻿InvoiceNumber;CompanyName;ReferenceNumber;InvoiceDate;DueDate;CompanyCode;BankAccountNumber;AmountExclVat;VATamount;TotalAmount
"143143
";Service Provider Oy;" 1431432
";15.12.2022;07.04.2021;1234567...</msg>
<var>${outputHeader}</var>
<arg>${PATH}InvoiceHeaderData.csv</arg>
<doc>Returns the contents of a specified file.</doc>
<status status="PASS" start="2024-02-17T22:50:57.111540" elapsed="0.001023"/>
</kw>
<kw name="Get File" owner="OperatingSystem">
<msg time="2024-02-17T22:50:57.113586" level="INFO" html="true">Getting file '&lt;a href="file://C:\Users\konst\Desktop\RPA\InvoiceRowData.csv"&gt;C:\Users\konst\Desktop\RPA\InvoiceRowData.csv&lt;/a&gt;'.</msg>
<msg time="2024-02-17T22:50:57.114095" level="INFO">${outputRows} = ﻿Description;Quantity;Unit;UnitPrice;VATpercent;VAT;TotalSum;InvoiceNumber;RowNumber
Installation Services;5;h;60;24;72;372;1;
Replacement Products;10;kpl;105;24;252;1302;2;
Keyboard Logitech;10;kpl;4...</msg>
<var>${outputRows}</var>
<arg>${PATH}InvoiceRowData.csv</arg>
<doc>Returns the contents of a specified file.</doc>
<status status="PASS" start="2024-02-17T22:50:57.113586" elapsed="0.001032"/>
</kw>
<kw name="Log" owner="BuiltIn">
<msg time="2024-02-17T22:50:57.115239" level="INFO">﻿InvoiceNumber;CompanyName;ReferenceNumber;InvoiceDate;DueDate;CompanyCode;BankAccountNumber;AmountExclVat;VATamount;TotalAmount
"143143
";Service Provider Oy;" 1431432
";15.12.2022;07.04.2021;1234567-8;" FI12 3456 7890 1234 56
";1350;324;1674
" 1543235
";Component  Oy;"15432359
";01.10.2022;15.10.2022;1234567-9;": FI05 1234 5600 7891 01
";465;111.6;576.6
"153143
";Service Provider Oy;" 1531439
";15.12.2022;01.04.2021;1234567-8;" FI12 3456 7890 1234 56
";2700;648;3348
</msg>
<arg>${outputHeader}</arg>
<doc>Logs the given message with the given level.</doc>
<status status="PASS" start="2024-02-17T22:50:57.114618" elapsed="0.000621"/>
</kw>
<kw name="Log" owner="BuiltIn">
<msg time="2024-02-17T22:50:57.116251" level="INFO">﻿Description;Quantity;Unit;UnitPrice;VATpercent;VAT;TotalSum;InvoiceNumber;RowNumber
Installation Services;5;h;60;24;72;372;1;
Replacement Products;10;kpl;105;24;252;1302;2;
Keyboard Logitech;10;kpl;40;24;96;496;1;
Brother printer;1;kpl;65;24;15.6;80.6;2;
Installation Services;5;h;60;24;72;372;1;
Replacement Products;10;kpl;105;24;252;1302;2;
Cleaning Services;5;h;60;24;72;372;3;
Cleaning Wipes;10;kpl;105;24;252;1302;4;
</msg>
<arg>${outputRows}</arg>
<doc>Logs the given message with the given level.</doc>
<status status="PASS" start="2024-02-17T22:50:57.116251" elapsed="0.000513"/>
</kw>
<kw name="Split String" owner="String">
<msg time="2024-02-17T22:50:57.117272" level="INFO">@{headers} = [ ﻿InvoiceNumber;CompanyName;ReferenceNumber;InvoiceDate;DueDate;CompanyCode;BankAccountNumber;AmountExclVat;VATamount;TotalAmount | "143143 | ";Service Provider Oy;" 1431432 | ";15.12.2022;07.04.2021...</msg>
<var>@{headers}</var>
<arg>${outputHeader}</arg>
<arg>\n</arg>
<doc>Splits the ``string`` using ``separator`` as a delimiter string.</doc>
<status status="PASS" start="2024-02-17T22:50:57.116764" elapsed="0.000508"/>
</kw>
<kw name="Split String" owner="String">
<msg time="2024-02-17T22:50:57.118291" level="INFO">@{rows} = [ ﻿Description;Quantity;Unit;UnitPrice;VATpercent;VAT;TotalSum;InvoiceNumber;RowNumber | Installation Services;5;h;60;24;72;372;1; | Replacement Products;10;kpl;105;24;252;1302;2; | Keyboard Logitech;...</msg>
<var>@{rows}</var>
<arg>${outputRows}</arg>
<arg>\n</arg>
<doc>Splits the ``string`` using ``separator`` as a delimiter string.</doc>
<status status="PASS" start="2024-02-17T22:50:57.117781" elapsed="0.000510"/>
</kw>
<kw name="Get Length" owner="BuiltIn">
<msg time="2024-02-17T22:50:57.119317" level="INFO">Length is 14.</msg>
<msg time="2024-02-17T22:50:57.119831" level="INFO">${length} = 14</msg>
<var>${length}</var>
<arg>${headers}</arg>
<doc>Returns and logs the length of the given item as an integer.</doc>
<status status="PASS" start="2024-02-17T22:50:57.118801" elapsed="0.001030"/>
</kw>
<kw name="Evaluate" owner="BuiltIn">
<msg time="2024-02-17T22:50:57.120858" level="INFO">${length} = 13</msg>
<var>${length}</var>
<arg>${length}-1</arg>
<doc>Evaluates the given expression in Python and returns the result.</doc>
<status status="PASS" start="2024-02-17T22:50:57.120346" elapsed="0.000512"/>
</kw>
<kw name="Convert To Integer" owner="BuiltIn">
<msg time="2024-02-17T22:50:57.122394" level="INFO">${index} = 0</msg>
<var>${index}</var>
<arg>0</arg>
<doc>Converts the given item to an integer number.</doc>
<status status="PASS" start="2024-02-17T22:50:57.121886" elapsed="0.000508"/>
</kw>
<kw name="Remove From List" owner="Collections">
<arg>${headers}</arg>
<arg>${length}</arg>
<doc>Removes and returns the value specified with an ``index`` from ``list``.</doc>
<status status="PASS" start="2024-02-17T22:50:57.122907" elapsed="0.000509"/>
</kw>
<kw name="Remove From List" owner="Collections">
<arg>${headers}</arg>
<arg>${index}</arg>
<doc>Removes and returns the value specified with an ``index`` from ``list``.</doc>
<status status="PASS" start="2024-02-17T22:50:57.123928" elapsed="0.000510"/>
</kw>
<kw name="Get Length" owner="BuiltIn">
<msg time="2024-02-17T22:50:57.124957" level="INFO">Length is 10.</msg>
<msg time="2024-02-17T22:50:57.124957" level="INFO">${length} = 10</msg>
<var>${length}</var>
<arg>${rows}</arg>
<doc>Returns and logs the length of the given item as an integer.</doc>
<status status="PASS" start="2024-02-17T22:50:57.124438" elapsed="0.001031"/>
</kw>
<kw name="Evaluate" owner="BuiltIn">
<msg time="2024-02-17T22:50:57.126491" level="INFO">${length} = 9</msg>
<var>${length}</var>
<arg>${length}-1</arg>
<doc>Evaluates the given expression in Python and returns the result.</doc>
<status status="PASS" start="2024-02-17T22:50:57.125980" elapsed="0.000511"/>
</kw>
<kw name="Remove From List" owner="Collections">
<arg>${rows}</arg>
<arg>${length}</arg>
<doc>Removes and returns the value specified with an ``index`` from ``list``.</doc>
<status status="PASS" start="2024-02-17T22:50:57.127002" elapsed="0.000510"/>
</kw>
<kw name="Remove From List" owner="Collections">
<arg>${rows}</arg>
<arg>${index}</arg>
<doc>Removes and returns the value specified with an ``index`` from ``list``.</doc>
<status status="PASS" start="2024-02-17T22:50:57.128023" elapsed="0.000511"/>
</kw>
<for flavor="IN">
<iter>
<kw name="Log" owner="BuiltIn">
<msg time="2024-02-17T22:50:57.129558" level="INFO">"143143</msg>
<arg>${element}</arg>
<doc>Logs the given message with the given level.</doc>
<status status="PASS" start="2024-02-17T22:50:57.129558" elapsed="0.000000"/>
</kw>
<var name="${element}">"143143</var>
<status status="PASS" start="2024-02-17T22:50:57.129045" elapsed="0.001024"/>
</iter>
<iter>
<kw name="Log" owner="BuiltIn">
<msg time="2024-02-17T22:50:57.130689" level="INFO">";Service Provider Oy;" 1431432</msg>
<arg>${element}</arg>
<doc>Logs the given message with the given level.</doc>
<status status="PASS" start="2024-02-17T22:50:57.130069" elapsed="0.001124"/>
</kw>
<var name="${element}">";Service Provider Oy;" 1431432</var>
<status status="PASS" start="2024-02-17T22:50:57.130069" elapsed="0.001124"/>
</iter>
<iter>
<kw name="Log" owner="BuiltIn">
<msg time="2024-02-17T22:50:57.132218" level="INFO">";15.12.2022;07.04.2021;1234567-8;" FI12 3456 7890 1234 56</msg>
<arg>${element}</arg>
<doc>Logs the given message with the given level.</doc>
<status status="PASS" start="2024-02-17T22:50:57.131706" elapsed="0.000512"/>
</kw>
<var name="${element}">";15.12.2022;07.04.2021;1234567-8;" FI12 3456 7890 1234 56</var>
<status status="PASS" start="2024-02-17T22:50:57.131193" elapsed="0.001025"/>
</iter>
<iter>
<kw name="Log" owner="BuiltIn">
<msg time="2024-02-17T22:50:57.133241" level="INFO">";1350;324;1674</msg>
<arg>${element}</arg>
<doc>Logs the given message with the given level.</doc>
<status status="PASS" start="2024-02-17T22:50:57.132726" elapsed="0.000515"/>
</kw>
<var name="${element}">";1350;324;1674</var>
<status status="PASS" start="2024-02-17T22:50:57.132726" elapsed="0.000515"/>
</iter>
<iter>
<kw name="Log" owner="BuiltIn">
<msg time="2024-02-17T22:50:57.133749" level="INFO">" 1543235</msg>
<arg>${element}</arg>
<doc>Logs the given message with the given level.</doc>
<status status="PASS" start="2024-02-17T22:50:57.133749" elapsed="0.000000"/>
</kw>
<var name="${element}">" 1543235</var>
<status status="PASS" start="2024-02-17T22:50:57.133241" elapsed="0.001035"/>
</iter>
<iter>
<kw name="Log" owner="BuiltIn">
<msg time="2024-02-17T22:50:57.134784" level="INFO">";Component  Oy;"15432359</msg>
<arg>${element}</arg>
<doc>Logs the given message with the given level.</doc>
<status status="PASS" start="2024-02-17T22:50:57.134276" elapsed="0.000508"/>
</kw>
<var name="${element}">";Component  Oy;"15432359</var>
<status status="PASS" start="2024-02-17T22:50:57.134276" elapsed="0.000508"/>
</iter>
<iter>
<kw name="Log" owner="BuiltIn">
<msg time="2024-02-17T22:50:57.135295" level="INFO">";01.10.2022;15.10.2022;1234567-9;": FI05 1234 5600 7891 01</msg>
<arg>${element}</arg>
<doc>Logs the given message with the given level.</doc>
<status status="PASS" start="2024-02-17T22:50:57.135295" elapsed="0.000000"/>
</kw>
<var name="${element}">";01.10.2022;15.10.2022;1234567-9;": FI05 1234 5600 7891 01</var>
<status status="PASS" start="2024-02-17T22:50:57.134784" elapsed="0.000511"/>
</iter>
<iter>
<kw name="Log" owner="BuiltIn">
<msg time="2024-02-17T22:50:57.135803" level="INFO">";465;111.6;576.6</msg>
<arg>${element}</arg>
<doc>Logs the given message with the given level.</doc>
<status status="PASS" start="2024-02-17T22:50:57.135803" elapsed="0.000509"/>
</kw>
<var name="${element}">";465;111.6;576.6</var>
<status status="PASS" start="2024-02-17T22:50:57.135803" elapsed="0.000509"/>
</iter>
<iter>
<kw name="Log" owner="BuiltIn">
<msg time="2024-02-17T22:50:57.136818" level="INFO">"153143</msg>
<arg>${element}</arg>
<doc>Logs the given message with the given level.</doc>
<status status="PASS" start="2024-02-17T22:50:57.136818" elapsed="0.000000"/>
</kw>
<var name="${element}">"153143</var>
<status status="PASS" start="2024-02-17T22:50:57.136312" elapsed="0.000506"/>
</iter>
<iter>
<kw name="Log" owner="BuiltIn">
<msg time="2024-02-17T22:50:57.137328" level="INFO">";Service Provider Oy;" 1531439</msg>
<arg>${element}</arg>
<doc>Logs the given message with the given level.</doc>
<status status="PASS" start="2024-02-17T22:50:57.137328" elapsed="0.000506"/>
</kw>
<var name="${element}">";Service Provider Oy;" 1531439</var>
<status status="PASS" start="2024-02-17T22:50:57.137328" elapsed="0.000506"/>
</iter>
<iter>
<kw name="Log" owner="BuiltIn">
<msg time="2024-02-17T22:50:57.138346" level="INFO">";15.12.2022;01.04.2021;1234567-8;" FI12 3456 7890 1234 56</msg>
<arg>${element}</arg>
<doc>Logs the given message with the given level.</doc>
<status status="PASS" start="2024-02-17T22:50:57.137834" elapsed="0.000512"/>
</kw>
<var name="${element}">";15.12.2022;01.04.2021;1234567-8;" FI12 3456 7890 1234 56</var>
<status status="PASS" start="2024-02-17T22:50:57.137834" elapsed="0.000512"/>
</iter>
<iter>
<kw name="Log" owner="BuiltIn">
<msg time="2024-02-17T22:50:57.138858" level="INFO">";2700;648;3348</msg>
<arg>${element}</arg>
<doc>Logs the given message with the given level.</doc>
<status status="PASS" start="2024-02-17T22:50:57.138858" elapsed="0.000513"/>
</kw>
<var name="${element}">";2700;648;3348</var>
<status status="PASS" start="2024-02-17T22:50:57.138858" elapsed="0.000513"/>
</iter>
<var>${element}</var>
<value>@{headers}</value>
<status status="PASS" start="2024-02-17T22:50:57.128534" elapsed="0.010837"/>
</for>
<for flavor="IN">
<iter>
<kw name="Log" owner="BuiltIn">
<msg time="2024-02-17T22:50:57.140394" level="INFO">Installation Services;5;h;60;24;72;372;1;</msg>
<arg>${element}</arg>
<doc>Logs the given message with the given level.</doc>
<status status="PASS" start="2024-02-17T22:50:57.140394" elapsed="0.000514"/>
</kw>
<var name="${element}">Installation Services;5;h;60;24;72;372;1;</var>
<status status="PASS" start="2024-02-17T22:50:57.140394" elapsed="0.000514"/>
</iter>
<iter>
<kw name="Log" owner="BuiltIn">
<msg time="2024-02-17T22:50:57.141421" level="INFO">Replacement Products;10;kpl;105;24;252;1302;2;</msg>
<arg>${element}</arg>
<doc>Logs the given message with the given level.</doc>
<status status="PASS" start="2024-02-17T22:50:57.140908" elapsed="0.000513"/>
</kw>
<var name="${element}">Replacement Products;10;kpl;105;24;252;1302;2;</var>
<status status="PASS" start="2024-02-17T22:50:57.140908" elapsed="0.000513"/>
</iter>
<iter>
<kw name="Log" owner="BuiltIn">
<msg time="2024-02-17T22:50:57.141936" level="INFO">Keyboard Logitech;10;kpl;40;24;96;496;1;</msg>
<arg>${element}</arg>
<doc>Logs the given message with the given level.</doc>
<status status="PASS" start="2024-02-17T22:50:57.141936" elapsed="0.000000"/>
</kw>
<var name="${element}">Keyboard Logitech;10;kpl;40;24;96;496;1;</var>
<status status="PASS" start="2024-02-17T22:50:57.141421" elapsed="0.000515"/>
</iter>
<iter>
<kw name="Log" owner="BuiltIn">
<msg time="2024-02-17T22:50:57.142444" level="INFO">Brother printer;1;kpl;65;24;15.6;80.6;2;</msg>
<arg>${element}</arg>
<doc>Logs the given message with the given level.</doc>
<status status="PASS" start="2024-02-17T22:50:57.142444" elapsed="0.000000"/>
</kw>
<var name="${element}">Brother printer;1;kpl;65;24;15.6;80.6;2;</var>
<status status="PASS" start="2024-02-17T22:50:57.141936" elapsed="0.000508"/>
</iter>
<iter>
<kw name="Log" owner="BuiltIn">
<msg time="2024-02-17T22:50:57.142952" level="INFO">Installation Services;5;h;60;24;72;372;1;</msg>
<arg>${element}</arg>
<doc>Logs the given message with the given level.</doc>
<status status="PASS" start="2024-02-17T22:50:57.142952" elapsed="0.000000"/>
</kw>
<var name="${element}">Installation Services;5;h;60;24;72;372;1;</var>
<status status="PASS" start="2024-02-17T22:50:57.142952" elapsed="0.000512"/>
</iter>
<iter>
<kw name="Log" owner="BuiltIn">
<msg time="2024-02-17T22:50:57.143464" level="INFO">Replacement Products;10;kpl;105;24;252;1302;2;</msg>
<arg>${element}</arg>
<doc>Logs the given message with the given level.</doc>
<status status="PASS" start="2024-02-17T22:50:57.143464" elapsed="0.000508"/>
</kw>
<var name="${element}">Replacement Products;10;kpl;105;24;252;1302;2;</var>
<status status="PASS" start="2024-02-17T22:50:57.143464" elapsed="0.000508"/>
</iter>
<iter>
<kw name="Log" owner="BuiltIn">
<msg time="2024-02-17T22:50:57.143972" level="INFO">Cleaning Services;5;h;60;24;72;372;3;</msg>
<arg>${element}</arg>
<doc>Logs the given message with the given level.</doc>
<status status="PASS" start="2024-02-17T22:50:57.143972" elapsed="0.000525"/>
</kw>
<var name="${element}">Cleaning Services;5;h;60;24;72;372;3;</var>
<status status="PASS" start="2024-02-17T22:50:57.143972" elapsed="0.000525"/>
</iter>
<iter>
<kw name="Log" owner="BuiltIn">
<msg time="2024-02-17T22:50:57.145005" level="INFO">Cleaning Wipes;10;kpl;105;24;252;1302;4;</msg>
<arg>${element}</arg>
<doc>Logs the given message with the given level.</doc>
<status status="PASS" start="2024-02-17T22:50:57.144497" elapsed="0.000508"/>
</kw>
<var name="${element}">Cleaning Wipes;10;kpl;105;24;252;1302;4;</var>
<status status="PASS" start="2024-02-17T22:50:57.144497" elapsed="0.000508"/>
</iter>
<var>${element}</var>
<value>@{rows}</value>
<status status="PASS" start="2024-02-17T22:50:57.139884" elapsed="0.005121"/>
</for>
<kw name="Set Global Variable" owner="BuiltIn">
<msg time="2024-02-17T22:50:57.146141" level="INFO">${headers} = ['"143143', '";Service Provider Oy;" 1431432', '";15.12.2022;07.04.2021;1234567-8;" FI12 3456 7890 1234 56', '\r";1350;324;1674', '" 1543235', '";Component  Oy;"15432359', '";01.10.2022;15.10.2022;123...</msg>
<arg>${headers}</arg>
<doc>Makes a variable available globally in all tests and suites.</doc>
<status status="PASS" start="2024-02-17T22:50:57.145516" elapsed="0.000625"/>
</kw>
<kw name="Set Global Variable" owner="BuiltIn">
<msg time="2024-02-17T22:50:57.147153" level="INFO">${rows} = ['Installation Services;5;h;60;24;72;372;1;', 'Replacement Products;10;kpl;105;24;252;1302;2;', 'Keyboard Logitech;10;kpl;40;24;96;496;1;', 'Brother printer;1;kpl;65;24;15.6;80.6;2;', 'Installation Se...</msg>
<arg>${rows}</arg>
<doc>Makes a variable available globally in all tests and suites.</doc>
<status status="PASS" start="2024-02-17T22:50:57.146645" elapsed="0.000508"/>
</kw>
<status status="PASS" start="2024-02-17T22:50:57.034244" elapsed="0.113937"/>
</test>
<status status="PASS" start="2024-02-17T22:50:56.957961" elapsed="0.191240"/>
</suite>
<statistics>
<total>
<stat pass="1" fail="0" skip="0">All Tests</stat>
</total>
<tag>
</tag>
<suite>
<stat pass="1" fail="0" skip="0" id="s1" name="Rf Project">Rf Project</stat>
</suite>
</statistics>
<errors>
</errors>
</robot>
