<?xml version="1.0" encoding="UTF-8"?>
<robot generator="Robot 7.0 (Python 3.11.5 on win32)" generated="2024-02-18T12:46:15.346757" rpa="false" schemaversion="5">
<suite id="s1" name="Rf Project" source="c:\Users\konst\Desktop\RPA\RPA\rf_project.robot">
<test id="s1-t1" name="Read CSV file to list" line="58">
<kw name="Get File" owner="OperatingSystem">
<msg time="2024-02-18T12:46:15.401026" level="INFO" html="true">Getting file '&lt;a href="file://C:\Users\konst\Desktop\RPA\InvoiceHeaderData.csv"&gt;C:\Users\konst\Desktop\RPA\InvoiceHeaderData.csv&lt;/a&gt;'.</msg>
<msg time="2024-02-18T12:46:15.403351" level="INFO">${outputHeader} = ﻿InvoiceNumber;CompanyName;ReferenceNumber;InvoiceDate;DueDate;CompanyCode;BankAccountNumber;AmountExclVat;VATamount;TotalAmount
"143143
";Service Provider Oy;" 1431432
";15.12.2022;07.04.2021;1234567...</msg>
<var>${outputHeader}</var>
<arg>${PATH}InvoiceHeaderData.csv</arg>
<doc>Returns the contents of a specified file.</doc>
<status status="PASS" start="2024-02-18T12:46:15.400513" elapsed="0.003342"/>
</kw>
<kw name="Get File" owner="OperatingSystem">
<msg time="2024-02-18T12:46:15.404371" level="INFO" html="true">Getting file '&lt;a href="file://C:\Users\konst\Desktop\RPA\InvoiceRowData.csv"&gt;C:\Users\konst\Desktop\RPA\InvoiceRowData.csv&lt;/a&gt;'.</msg>
<msg time="2024-02-18T12:46:15.404889" level="INFO">${outputRows} = ﻿Description;Quantity;Unit;UnitPrice;VATpercent;VAT;TotalSum;InvoiceNumber;RowNumber
Installation Services;5;h;60;24;72;372;1;
Replacement Products;10;kpl;105;24;252;1302;2;
Keyboard Logitech;10;kpl;4...</msg>
<var>${outputRows}</var>
<arg>${PATH}InvoiceRowData.csv</arg>
<doc>Returns the contents of a specified file.</doc>
<status status="PASS" start="2024-02-18T12:46:15.404371" elapsed="0.001034"/>
</kw>
<kw name="Log" owner="BuiltIn">
<msg time="2024-02-18T12:46:15.405919" level="INFO">﻿InvoiceNumber;CompanyName;ReferenceNumber;InvoiceDate;DueDate;CompanyCode;BankAccountNumber;AmountExclVat;VATamount;TotalAmount
"143143
";Service Provider Oy;" 1431432
";15.12.2022;07.04.2021;1234567-8;" FI12 3456 7890 1234 56
";1350;324;1674
" 1543235
";Component  Oy;"15432359
";01.10.2022;15.10.2022;1234567-9;": FI05 1234 5600 7891 01
";465;111.6;576.6
"153143
";Service Provider Oy;" 1531439
";15.12.2022;01.04.2021;1234567-8;" FI12 3456 7890 1234 56
";2700;648;3348
</msg>
<arg>${outputHeader}</arg>
<doc>Logs the given message with the given level.</doc>
<status status="PASS" start="2024-02-18T12:46:15.405405" elapsed="0.000514"/>
</kw>
<kw name="Log" owner="BuiltIn">
<msg time="2024-02-18T12:46:15.406428" level="INFO">﻿Description;Quantity;Unit;UnitPrice;VATpercent;VAT;TotalSum;InvoiceNumber;RowNumber
Installation Services;5;h;60;24;72;372;1;
Replacement Products;10;kpl;105;24;252;1302;2;
Keyboard Logitech;10;kpl;40;24;96;496;1;
Brother printer;1;kpl;65;24;15.6;80.6;2;
Installation Services;5;h;60;24;72;372;1;
Replacement Products;10;kpl;105;24;252;1302;2;
Cleaning Services;5;h;60;24;72;372;3;
Cleaning Wipes;10;kpl;105;24;252;1302;4;
</msg>
<arg>${outputRows}</arg>
<doc>Logs the given message with the given level.</doc>
<status status="PASS" start="2024-02-18T12:46:15.406428" elapsed="0.000515"/>
</kw>
<kw name="Split String" owner="String">
<msg time="2024-02-18T12:46:15.407451" level="INFO">@{headers} = [ ﻿InvoiceNumber;CompanyName;ReferenceNumber;InvoiceDate;DueDate;CompanyCode;BankAccountNumber;AmountExclVat;VATamount;TotalAmount | "143143 | ";Service Provider Oy;" 1431432 | ";15.12.2022;07.04.2021...</msg>
<var>@{headers}</var>
<arg>${outputHeader}</arg>
<arg>\n</arg>
<doc>Splits the ``string`` using ``separator`` as a delimiter string.</doc>
<status status="PASS" start="2024-02-18T12:46:15.406943" elapsed="0.000508"/>
</kw>
<kw name="Split String" owner="String">
<msg time="2024-02-18T12:46:15.407967" level="INFO">@{rows} = [ ﻿Description;Quantity;Unit;UnitPrice;VATpercent;VAT;TotalSum;InvoiceNumber;RowNumber | Installation Services;5;h;60;24;72;372;1; | Replacement Products;10;kpl;105;24;252;1302;2; | Keyboard Logitech;...</msg>
<var>@{rows}</var>
<arg>${outputRows}</arg>
<arg>\n</arg>
<doc>Splits the ``string`` using ``separator`` as a delimiter string.</doc>
<status status="PASS" start="2024-02-18T12:46:15.407451" elapsed="0.000516"/>
</kw>
<kw name="Get Length" owner="BuiltIn">
<msg time="2024-02-18T12:46:15.408481" level="INFO">Length is 14.</msg>
<msg time="2024-02-18T12:46:15.408996" level="INFO">${length} = 14</msg>
<var>${length}</var>
<arg>${headers}</arg>
<doc>Returns and logs the length of the given item as an integer.</doc>
<status status="PASS" start="2024-02-18T12:46:15.408481" elapsed="0.000515"/>
</kw>
<kw name="Evaluate" owner="BuiltIn">
<msg time="2024-02-18T12:46:15.409511" level="INFO">${length} = 13</msg>
<var>${length}</var>
<arg>${length}-1</arg>
<doc>Evaluates the given expression in Python and returns the result.</doc>
<status status="PASS" start="2024-02-18T12:46:15.409511" elapsed="0.001033"/>
</kw>
<kw name="Convert To Integer" owner="BuiltIn">
<msg time="2024-02-18T12:46:15.411578" level="INFO">${index} = 0</msg>
<var>${index}</var>
<arg>0</arg>
<doc>Converts the given item to an integer number.</doc>
<status status="PASS" start="2024-02-18T12:46:15.411061" elapsed="0.000517"/>
</kw>
<kw name="Remove From List" owner="Collections">
<arg>${headers}</arg>
<arg>${length}</arg>
<doc>Removes and returns the value specified with an ``index`` from ``list``.</doc>
<status status="PASS" start="2024-02-18T12:46:15.412096" elapsed="0.000000"/>
</kw>
<kw name="Remove From List" owner="Collections">
<arg>${headers}</arg>
<arg>${index}</arg>
<doc>Removes and returns the value specified with an ``index`` from ``list``.</doc>
<status status="PASS" start="2024-02-18T12:46:15.412613" elapsed="0.000515"/>
</kw>
<kw name="Get Length" owner="BuiltIn">
<msg time="2024-02-18T12:46:15.413641" level="INFO">Length is 10.</msg>
<msg time="2024-02-18T12:46:15.413641" level="INFO">${length} = 10</msg>
<var>${length}</var>
<arg>${rows}</arg>
<doc>Returns and logs the length of the given item as an integer.</doc>
<status status="PASS" start="2024-02-18T12:46:15.413128" elapsed="0.000513"/>
</kw>
<kw name="Evaluate" owner="BuiltIn">
<msg time="2024-02-18T12:46:15.414155" level="INFO">${length} = 9</msg>
<var>${length}</var>
<arg>${length}-1</arg>
<doc>Evaluates the given expression in Python and returns the result.</doc>
<status status="PASS" start="2024-02-18T12:46:15.414155" elapsed="0.000000"/>
</kw>
<kw name="Remove From List" owner="Collections">
<arg>${rows}</arg>
<arg>${length}</arg>
<doc>Removes and returns the value specified with an ``index`` from ``list``.</doc>
<status status="PASS" start="2024-02-18T12:46:15.414669" elapsed="0.000523"/>
</kw>
<kw name="Remove From List" owner="Collections">
<arg>${rows}</arg>
<arg>${index}</arg>
<doc>Removes and returns the value specified with an ``index`` from ``list``.</doc>
<status status="PASS" start="2024-02-18T12:46:15.415192" elapsed="0.000516"/>
</kw>
<for flavor="IN">
<iter>
<kw name="Log" owner="BuiltIn">
<msg time="2024-02-18T12:46:15.416266" level="INFO">"143143</msg>
<arg>${element}</arg>
<doc>Logs the given message with the given level.</doc>
<status status="PASS" start="2024-02-18T12:46:15.416266" elapsed="0.000000"/>
</kw>
<var name="${element}">"143143</var>
<status status="PASS" start="2024-02-18T12:46:15.416266" elapsed="0.000000"/>
</iter>
<iter>
<kw name="Log" owner="BuiltIn">
<msg time="2024-02-18T12:46:15.416782" level="INFO">";Service Provider Oy;" 1431432</msg>
<arg>${element}</arg>
<doc>Logs the given message with the given level.</doc>
<status status="PASS" start="2024-02-18T12:46:15.416782" elapsed="0.000000"/>
</kw>
<var name="${element}">";Service Provider Oy;" 1431432</var>
<status status="PASS" start="2024-02-18T12:46:15.416782" elapsed="0.000516"/>
</iter>
<iter>
<kw name="Log" owner="BuiltIn">
<msg time="2024-02-18T12:46:15.417298" level="INFO">";15.12.2022;07.04.2021;1234567-8;" FI12 3456 7890 1234 56</msg>
<arg>${element}</arg>
<doc>Logs the given message with the given level.</doc>
<status status="PASS" start="2024-02-18T12:46:15.417298" elapsed="0.000000"/>
</kw>
<var name="${element}">";15.12.2022;07.04.2021;1234567-8;" FI12 3456 7890 1234 56</var>
<status status="PASS" start="2024-02-18T12:46:15.417298" elapsed="0.000507"/>
</iter>
<iter>
<kw name="Log" owner="BuiltIn">
<msg time="2024-02-18T12:46:15.417805" level="INFO">";1350;324;1674</msg>
<arg>${element}</arg>
<doc>Logs the given message with the given level.</doc>
<status status="PASS" start="2024-02-18T12:46:15.417805" elapsed="0.000000"/>
</kw>
<var name="${element}">";1350;324;1674</var>
<status status="PASS" start="2024-02-18T12:46:15.417805" elapsed="0.000000"/>
</iter>
<iter>
<kw name="Log" owner="BuiltIn">
<msg time="2024-02-18T12:46:15.417805" level="INFO">" 1543235</msg>
<arg>${element}</arg>
<doc>Logs the given message with the given level.</doc>
<status status="PASS" start="2024-02-18T12:46:15.417805" elapsed="0.001012"/>
</kw>
<var name="${element}">" 1543235</var>
<status status="PASS" start="2024-02-18T12:46:15.417805" elapsed="0.001012"/>
</iter>
<iter>
<kw name="Log" owner="BuiltIn">
<msg time="2024-02-18T12:46:15.418817" level="INFO">";Component  Oy;"15432359</msg>
<arg>${element}</arg>
<doc>Logs the given message with the given level.</doc>
<status status="PASS" start="2024-02-18T12:46:15.418817" elapsed="0.000000"/>
</kw>
<var name="${element}">";Component  Oy;"15432359</var>
<status status="PASS" start="2024-02-18T12:46:15.418817" elapsed="0.000000"/>
</iter>
<iter>
<kw name="Log" owner="BuiltIn">
<msg time="2024-02-18T12:46:15.420240" level="INFO">";01.10.2022;15.10.2022;1234567-9;": FI05 1234 5600 7891 01</msg>
<arg>${element}</arg>
<doc>Logs the given message with the given level.</doc>
<status status="PASS" start="2024-02-18T12:46:15.420240" elapsed="0.000000"/>
</kw>
<var name="${element}">";01.10.2022;15.10.2022;1234567-9;": FI05 1234 5600 7891 01</var>
<status status="PASS" start="2024-02-18T12:46:15.418817" elapsed="0.001927"/>
</iter>
<iter>
<kw name="Log" owner="BuiltIn">
<msg time="2024-02-18T12:46:15.420744" level="INFO">";465;111.6;576.6</msg>
<arg>${element}</arg>
<doc>Logs the given message with the given level.</doc>
<status status="PASS" start="2024-02-18T12:46:15.420744" elapsed="0.000000"/>
</kw>
<var name="${element}">";465;111.6;576.6</var>
<status status="PASS" start="2024-02-18T12:46:15.420744" elapsed="0.000000"/>
</iter>
<iter>
<kw name="Log" owner="BuiltIn">
<msg time="2024-02-18T12:46:15.421757" level="INFO">"153143</msg>
<arg>${element}</arg>
<doc>Logs the given message with the given level.</doc>
<status status="PASS" start="2024-02-18T12:46:15.420744" elapsed="0.001013"/>
</kw>
<var name="${element}">"153143</var>
<status status="PASS" start="2024-02-18T12:46:15.420744" elapsed="0.001013"/>
</iter>
<iter>
<kw name="Log" owner="BuiltIn">
<msg time="2024-02-18T12:46:15.421757" level="INFO">";Service Provider Oy;" 1531439</msg>
<arg>${element}</arg>
<doc>Logs the given message with the given level.</doc>
<status status="PASS" start="2024-02-18T12:46:15.421757" elapsed="0.001001"/>
</kw>
<var name="${element}">";Service Provider Oy;" 1531439</var>
<status status="PASS" start="2024-02-18T12:46:15.421757" elapsed="0.001001"/>
</iter>
<iter>
<kw name="Log" owner="BuiltIn">
<msg time="2024-02-18T12:46:15.422758" level="INFO">";15.12.2022;01.04.2021;1234567-8;" FI12 3456 7890 1234 56</msg>
<arg>${element}</arg>
<doc>Logs the given message with the given level.</doc>
<status status="PASS" start="2024-02-18T12:46:15.422758" elapsed="0.000000"/>
</kw>
<var name="${element}">";15.12.2022;01.04.2021;1234567-8;" FI12 3456 7890 1234 56</var>
<status status="PASS" start="2024-02-18T12:46:15.422758" elapsed="0.000000"/>
</iter>
<iter>
<kw name="Log" owner="BuiltIn">
<msg time="2024-02-18T12:46:15.423759" level="INFO">";2700;648;3348</msg>
<arg>${element}</arg>
<doc>Logs the given message with the given level.</doc>
<status status="PASS" start="2024-02-18T12:46:15.422758" elapsed="0.001001"/>
</kw>
<var name="${element}">";2700;648;3348</var>
<status status="PASS" start="2024-02-18T12:46:15.422758" elapsed="0.001001"/>
</iter>
<var>${element}</var>
<value>@{headers}</value>
<status status="PASS" start="2024-02-18T12:46:15.415708" elapsed="0.008051"/>
</for>
<for flavor="IN">
<iter>
<kw name="Log" owner="BuiltIn">
<msg time="2024-02-18T12:46:15.424262" level="INFO">Installation Services;5;h;60;24;72;372;1;</msg>
<arg>${element}</arg>
<doc>Logs the given message with the given level.</doc>
<status status="PASS" start="2024-02-18T12:46:15.424262" elapsed="0.000000"/>
</kw>
<var name="${element}">Installation Services;5;h;60;24;72;372;1;</var>
<status status="PASS" start="2024-02-18T12:46:15.424262" elapsed="0.000000"/>
</iter>
<iter>
<kw name="Log" owner="BuiltIn">
<msg time="2024-02-18T12:46:15.425267" level="INFO">Replacement Products;10;kpl;105;24;252;1302;2;</msg>
<arg>${element}</arg>
<doc>Logs the given message with the given level.</doc>
<status status="PASS" start="2024-02-18T12:46:15.425267" elapsed="0.000000"/>
</kw>
<var name="${element}">Replacement Products;10;kpl;105;24;252;1302;2;</var>
<status status="PASS" start="2024-02-18T12:46:15.425267" elapsed="0.000000"/>
</iter>
<iter>
<kw name="Log" owner="BuiltIn">
<msg time="2024-02-18T12:46:15.425267" level="INFO">Keyboard Logitech;10;kpl;40;24;96;496;1;</msg>
<arg>${element}</arg>
<doc>Logs the given message with the given level.</doc>
<status status="PASS" start="2024-02-18T12:46:15.425267" elapsed="0.000000"/>
</kw>
<var name="${element}">Keyboard Logitech;10;kpl;40;24;96;496;1;</var>
<status status="PASS" start="2024-02-18T12:46:15.425267" elapsed="0.000000"/>
</iter>
<iter>
<kw name="Log" owner="BuiltIn">
<msg time="2024-02-18T12:46:15.426268" level="INFO">Brother printer;1;kpl;65;24;15.6;80.6;2;</msg>
<arg>${element}</arg>
<doc>Logs the given message with the given level.</doc>
<status status="PASS" start="2024-02-18T12:46:15.426268" elapsed="0.000000"/>
</kw>
<var name="${element}">Brother printer;1;kpl;65;24;15.6;80.6;2;</var>
<status status="PASS" start="2024-02-18T12:46:15.426268" elapsed="0.000000"/>
</iter>
<iter>
<kw name="Log" owner="BuiltIn">
<msg time="2024-02-18T12:46:15.426771" level="INFO">Installation Services;5;h;60;24;72;372;1;</msg>
<arg>${element}</arg>
<doc>Logs the given message with the given level.</doc>
<status status="PASS" start="2024-02-18T12:46:15.426771" elapsed="0.000000"/>
</kw>
<var name="${element}">Installation Services;5;h;60;24;72;372;1;</var>
<status status="PASS" start="2024-02-18T12:46:15.426771" elapsed="0.000000"/>
</iter>
<iter>
<kw name="Log" owner="BuiltIn">
<msg time="2024-02-18T12:46:15.426771" level="INFO">Replacement Products;10;kpl;105;24;252;1302;2;</msg>
<arg>${element}</arg>
<doc>Logs the given message with the given level.</doc>
<status status="PASS" start="2024-02-18T12:46:15.426771" elapsed="0.000000"/>
</kw>
<var name="${element}">Replacement Products;10;kpl;105;24;252;1302;2;</var>
<status status="PASS" start="2024-02-18T12:46:15.426771" elapsed="0.000000"/>
</iter>
<iter>
<kw name="Log" owner="BuiltIn">
<msg time="2024-02-18T12:46:15.426771" level="INFO">Cleaning Services;5;h;60;24;72;372;3;</msg>
<arg>${element}</arg>
<doc>Logs the given message with the given level.</doc>
<status status="PASS" start="2024-02-18T12:46:15.426771" elapsed="0.000000"/>
</kw>
<var name="${element}">Cleaning Services;5;h;60;24;72;372;3;</var>
<status status="PASS" start="2024-02-18T12:46:15.426771" elapsed="0.000000"/>
</iter>
<iter>
<kw name="Log" owner="BuiltIn">
<msg time="2024-02-18T12:46:15.428330" level="INFO">Cleaning Wipes;10;kpl;105;24;252;1302;4;</msg>
<arg>${element}</arg>
<doc>Logs the given message with the given level.</doc>
<status status="PASS" start="2024-02-18T12:46:15.428330" elapsed="0.000000"/>
</kw>
<var name="${element}">Cleaning Wipes;10;kpl;105;24;252;1302;4;</var>
<status status="PASS" start="2024-02-18T12:46:15.428330" elapsed="0.000000"/>
</iter>
<var>${element}</var>
<value>@{rows}</value>
<status status="PASS" start="2024-02-18T12:46:15.424262" elapsed="0.004571"/>
</for>
<kw name="Set Global Variable" owner="BuiltIn">
<msg time="2024-02-18T12:46:15.430262" level="INFO">${headers} = ['"143143', '";Service Provider Oy;" 1431432', '";15.12.2022;07.04.2021;1234567-8;" FI12 3456 7890 1234 56', '\r";1350;324;1674', '" 1543235', '";Component  Oy;"15432359', '";01.10.2022;15.10.2022;123...</msg>
<arg>${headers}</arg>
<doc>Makes a variable available globally in all tests and suites.</doc>
<status status="PASS" start="2024-02-18T12:46:15.429759" elapsed="0.000503"/>
</kw>
<kw name="Set Global Variable" owner="BuiltIn">
<msg time="2024-02-18T12:46:15.433671" level="INFO">${rows} = ['Installation Services;5;h;60;24;72;372;1;', 'Replacement Products;10;kpl;105;24;252;1302;2;', 'Keyboard Logitech;10;kpl;40;24;96;496;1;', 'Brother printer;1;kpl;65;24;15.6;80.6;2;', 'Installation Se...</msg>
<arg>${rows}</arg>
<doc>Makes a variable available globally in all tests and suites.</doc>
<status status="PASS" start="2024-02-18T12:46:15.433671" elapsed="0.001001"/>
</kw>
<status status="PASS" start="2024-02-18T12:46:15.399484" elapsed="0.035188"/>
</test>
<test id="s1-t2" name="Loop all invoicerows" line="102">
<for flavor="IN">
<iter>
<kw name="Log" owner="BuiltIn">
<msg time="2024-02-18T12:46:15.438566" level="INFO">Installation Services;5;h;60;24;72;372;1;</msg>
<arg>${element}</arg>
<doc>Logs the given message with the given level.</doc>
<status status="PASS" start="2024-02-18T12:46:15.438566" elapsed="0.000504"/>
</kw>
<kw name="Split String" owner="String">
<msg time="2024-02-18T12:46:15.439674" level="INFO">@{items} = [ Installation Services | 5 | h | 60 | 24 | 72 | 372 | 1 |  ]</msg>
<var>@{items}</var>
<arg>${element}</arg>
<arg>;</arg>
<doc>Splits the ``string`` using ``separator`` as a delimiter string.</doc>
<status status="PASS" start="2024-02-18T12:46:15.439070" elapsed="0.001107"/>
</kw>
<kw name="Set Variable" owner="BuiltIn">
<msg time="2024-02-18T12:46:15.440177" level="INFO">${rowInvoiceNumber} = 1</msg>
<var>${rowInvoiceNumber}</var>
<arg>${items}[7]</arg>
<doc>Returns the given values which can then be assigned to a variables.</doc>
<status status="PASS" start="2024-02-18T12:46:15.440177" elapsed="0.000000"/>
</kw>
<kw name="Log" owner="BuiltIn">
<msg time="2024-02-18T12:46:15.441395" level="INFO">1</msg>
<arg>${rowInvoiceNumber}</arg>
<doc>Logs the given message with the given level.</doc>
<status status="PASS" start="2024-02-18T12:46:15.441185" elapsed="0.000210"/>
</kw>
<kw name="Log" owner="BuiltIn">
<msg time="2024-02-18T12:46:15.441899" level="INFO">empty</msg>
<arg>${InvoiceNumber}</arg>
<doc>Logs the given message with the given level.</doc>
<status status="PASS" start="2024-02-18T12:46:15.441395" elapsed="0.000504"/>
</kw>
<if>
<branch type="IF" condition="&quot;${rowInvoiceNumber}&quot; == &quot;${InvoiceNumber}&quot;">
<kw name="Log" owner="BuiltIn">
<arg>Lisätään rivejä laskulle</arg>
<doc>Logs the given message with the given level.</doc>
<status status="NOT RUN" start="2024-02-18T12:46:15.442512" elapsed="0.000503"/>
</kw>
<kw name="Add row data to list">
<arg>${items}</arg>
<status status="NOT RUN" start="2024-02-18T12:46:15.443532" elapsed="0.000000"/>
</kw>
<status status="NOT RUN" start="2024-02-18T12:46:15.441899" elapsed="0.001633"/>
</branch>
<branch type="ELSE">
<kw name="Log" owner="BuiltIn">
<msg time="2024-02-18T12:46:15.444063" level="INFO">Pitää tutkia onko tietokantalistassa jo rivejä</msg>
<arg>Pitää tutkia onko tietokantalistassa jo rivejä</arg>
<doc>Logs the given message with the given level.</doc>
<status status="PASS" start="2024-02-18T12:46:15.444063" elapsed="0.000000"/>
</kw>
<kw name="Get Length" owner="BuiltIn">
<msg time="2024-02-18T12:46:15.444578" level="INFO">Length is 0.</msg>
<msg time="2024-02-18T12:46:15.444578" level="INFO">${length} = 0</msg>
<var>${length}</var>
<arg>${ListToDB}</arg>
<doc>Returns and logs the length of the given item as an integer.</doc>
<status status="PASS" start="2024-02-18T12:46:15.444578" elapsed="0.000000"/>
</kw>
<if>
<branch type="IF" condition="${length} == ${0}">
<kw name="Log" owner="BuiltIn">
<msg time="2024-02-18T12:46:15.445655" level="INFO">Ensimmäisen laskun tapaus</msg>
<arg>Ensimmäisen laskun tapaus</arg>
<doc>Logs the given message with the given level.</doc>
<status status="PASS" start="2024-02-18T12:46:15.445655" elapsed="0.000533"/>
</kw>
<kw name="Set Variable" owner="BuiltIn">
<msg time="2024-02-18T12:46:15.446697" level="INFO">${InvoiceNumber} = 1</msg>
<var>${InvoiceNumber}</var>
<arg>${rowInvoiceNumber}</arg>
<doc>Returns the given values which can then be assigned to a variables.</doc>
<status status="PASS" start="2024-02-18T12:46:15.446188" elapsed="0.000509"/>
</kw>
<kw name="Add row data to list">
<kw name="Create List" owner="BuiltIn">
<msg time="2024-02-18T12:46:15.447708" level="INFO">@{AddInvoiceRowData} = [ ]</msg>
<var>@{AddInvoiceRowData}</var>
<doc>Returns a list containing given items.</doc>
<status status="PASS" start="2024-02-18T12:46:15.446697" elapsed="0.001011"/>
</kw>
<kw name="Append To List" owner="Collections">
<arg>${AddInvoiceRowData}</arg>
<arg>${InvoiceNumber}</arg>
<doc>Adds ``values`` to the end of ``list``.</doc>
<status status="PASS" start="2024-02-18T12:46:15.447708" elapsed="0.000000"/>
</kw>
<kw name="Append To List" owner="Collections">
<arg>${AddInvoiceRowData}</arg>
<arg>${items}[5]</arg>
<doc>Adds ``values`` to the end of ``list``.</doc>
<status status="PASS" start="2024-02-18T12:46:15.447708" elapsed="0.001001"/>
</kw>
<kw name="Append To List" owner="Collections">
<arg>${AddInvoiceRowData}</arg>
<arg>${items}[0]</arg>
<doc>Adds ``values`` to the end of ``list``.</doc>
<status status="PASS" start="2024-02-18T12:46:15.448709" elapsed="0.001506"/>
</kw>
<kw name="Append To List" owner="Collections">
<arg>${AddInvoiceRowData}</arg>
<arg>${items}[1]</arg>
<doc>Adds ``values`` to the end of ``list``.</doc>
<status status="PASS" start="2024-02-18T12:46:15.450747" elapsed="0.000000"/>
</kw>
<kw name="Append To List" owner="Collections">
<arg>${AddInvoiceRowData}</arg>
<arg>${items}[2]</arg>
<doc>Adds ``values`` to the end of ``list``.</doc>
<status status="PASS" start="2024-02-18T12:46:15.450747" elapsed="0.000000"/>
</kw>
<kw name="Append To List" owner="Collections">
<arg>${AddInvoiceRowData}</arg>
<arg>${items}[3]</arg>
<doc>Adds ``values`` to the end of ``list``.</doc>
<status status="PASS" start="2024-02-18T12:46:15.451756" elapsed="0.000000"/>
</kw>
<kw name="Append To List" owner="Collections">
<arg>${AddInvoiceRowData}</arg>
<arg>${items}[4]</arg>
<doc>Adds ``values`` to the end of ``list``.</doc>
<status status="PASS" start="2024-02-18T12:46:15.452092" elapsed="0.000000"/>
</kw>
<kw name="Append To List" owner="Collections">
<arg>${AddInvoiceRowData}</arg>
<arg>${items}[5]</arg>
<doc>Adds ``values`` to the end of ``list``.</doc>
<status status="PASS" start="2024-02-18T12:46:15.452595" elapsed="0.000000"/>
</kw>
<kw name="Append To List" owner="Collections">
<arg>${AddInvoiceRowData}</arg>
<arg>${items}[5]</arg>
<doc>Adds ``values`` to the end of ``list``.</doc>
<status status="PASS" start="2024-02-18T12:46:15.452595" elapsed="0.000000"/>
</kw>
<kw name="Append To List" owner="Collections">
<arg>${ListToDB}</arg>
<arg>${AddInvoiceRowData}</arg>
<doc>Adds ``values`` to the end of ``list``.</doc>
<status status="PASS" start="2024-02-18T12:46:15.452595" elapsed="0.001007"/>
</kw>
<arg>${items}</arg>
<status status="PASS" start="2024-02-18T12:46:15.446697" elapsed="0.006905"/>
</kw>
<status status="PASS" start="2024-02-18T12:46:15.445110" elapsed="0.009079"/>
</branch>
<branch type="ELSE">
<kw name="Log" owner="BuiltIn">
<arg>Lasku vaihtuu</arg>
<doc>Logs the given message with the given level.</doc>
<status status="NOT RUN" start="2024-02-18T12:46:15.454695" elapsed="0.000000"/>
</kw>
<for flavor="IN">
<iter>
<kw name="Split String" owner="String">
<var>${headerItems}</var>
<arg>${headerElement}</arg>
<arg>;</arg>
<doc>Splits the ``string`` using ``separator`` as a delimiter string.</doc>
<status status="NOT RUN" start="2024-02-18T12:46:15.455704" elapsed="0.000000"/>
</kw>
<if>
<branch type="IF" condition="&quot;${headerItems}[0]&quot; == &quot;${InvoiceNumber}&quot;">
<kw name="Log" owner="BuiltIn">
<arg>Lasku löytyi</arg>
<doc>Logs the given message with the given level.</doc>
<status status="NOT RUN" start="2024-02-18T12:46:15.455704" elapsed="0.000000"/>
</kw>
<kw name="Add invoice header to db">
<arg>${headerItems}</arg>
<status status="NOT RUN" start="2024-02-18T12:46:15.456704" elapsed="0.000000"/>
</kw>
<for flavor="IN">
<iter>
<kw name="Add Invoice Row To DB">
<arg>${rowElement}</arg>
<status status="NOT RUN" start="2024-02-18T12:46:15.456704" elapsed="0.000000"/>
</kw>
<var name="${rowElement}"/>
<status status="NOT RUN" start="2024-02-18T12:46:15.456704" elapsed="0.000000"/>
</iter>
<var>${rowElement}</var>
<value>@{ListToDB}</value>
<status status="NOT RUN" start="2024-02-18T12:46:15.456704" elapsed="0.000000"/>
</for>
<status status="NOT RUN" start="2024-02-18T12:46:15.455704" elapsed="0.001000"/>
</branch>
<status status="NOT RUN" start="2024-02-18T12:46:15.455704" elapsed="0.001000"/>
</if>
<var name="${headerElement}"/>
<status status="NOT RUN" start="2024-02-18T12:46:15.455704" elapsed="0.001000"/>
</iter>
<var>${headerElement}</var>
<value>@{headers}</value>
<status status="NOT RUN" start="2024-02-18T12:46:15.454695" elapsed="0.002009"/>
</for>
<kw name="Create List" owner="BuiltIn">
<var>@{ListToDB}</var>
<doc>Returns a list containing given items.</doc>
<status status="NOT RUN" start="2024-02-18T12:46:15.457761" elapsed="0.000000"/>
</kw>
<kw name="Set Global Variable" owner="BuiltIn">
<arg>${ListToDB}</arg>
<doc>Makes a variable available globally in all tests and suites.</doc>
<status status="NOT RUN" start="2024-02-18T12:46:15.457761" elapsed="0.000000"/>
</kw>
<kw name="Set Variable" owner="BuiltIn">
<var>${InvoiceNumber}</var>
<arg>${rowInvoiceNumber}</arg>
<doc>Returns the given values which can then be assigned to a variables.</doc>
<status status="NOT RUN" start="2024-02-18T12:46:15.457761" elapsed="0.000000"/>
</kw>
<kw name="Set Variable" owner="BuiltIn">
<arg>${InvoiceNumber}</arg>
<doc>Returns the given values which can then be assigned to a variables.</doc>
<status status="NOT RUN" start="2024-02-18T12:46:15.457761" elapsed="0.000000"/>
</kw>
<kw name="Add row data to list">
<arg>$items</arg>
<status status="NOT RUN" start="2024-02-18T12:46:15.457761" elapsed="0.000000"/>
</kw>
<status status="NOT RUN" start="2024-02-18T12:46:15.454189" elapsed="0.003572"/>
</branch>
<status status="PASS" start="2024-02-18T12:46:15.445110" elapsed="0.012651"/>
</if>
<status status="PASS" start="2024-02-18T12:46:15.443532" elapsed="0.014229"/>
</branch>
<status status="PASS" start="2024-02-18T12:46:15.441899" elapsed="0.015862"/>
</if>
<var name="${element}">Installation Services;5;h;60;24;72;372;1;</var>
<status status="PASS" start="2024-02-18T12:46:15.437565" elapsed="0.020196"/>
</iter>
<iter>
<kw name="Log" owner="BuiltIn">
<msg time="2024-02-18T12:46:15.459265" level="INFO">Replacement Products;10;kpl;105;24;252;1302;2;</msg>
<arg>${element}</arg>
<doc>Logs the given message with the given level.</doc>
<status status="PASS" start="2024-02-18T12:46:15.459265" elapsed="0.000000"/>
</kw>
<kw name="Split String" owner="String">
<msg time="2024-02-18T12:46:15.459265" level="INFO">@{items} = [ Replacement Products | 10 | kpl | 105 | 24 | 252 | 1302 | 2 |  ]</msg>
<var>@{items}</var>
<arg>${element}</arg>
<arg>;</arg>
<doc>Splits the ``string`` using ``separator`` as a delimiter string.</doc>
<status status="PASS" start="2024-02-18T12:46:15.459265" elapsed="0.001011"/>
</kw>
<kw name="Set Variable" owner="BuiltIn">
<msg time="2024-02-18T12:46:15.460545" level="INFO">${rowInvoiceNumber} = 2</msg>
<var>${rowInvoiceNumber}</var>
<arg>${items}[7]</arg>
<doc>Returns the given values which can then be assigned to a variables.</doc>
<status status="PASS" start="2024-02-18T12:46:15.460276" elapsed="0.000269"/>
</kw>
<kw name="Log" owner="BuiltIn">
<msg time="2024-02-18T12:46:15.461048" level="INFO">2</msg>
<arg>${rowInvoiceNumber}</arg>
<doc>Logs the given message with the given level.</doc>
<status status="PASS" start="2024-02-18T12:46:15.460545" elapsed="0.000503"/>
</kw>
<kw name="Log" owner="BuiltIn">
<msg time="2024-02-18T12:46:15.461563" level="INFO">1</msg>
<arg>${InvoiceNumber}</arg>
<doc>Logs the given message with the given level.</doc>
<status status="PASS" start="2024-02-18T12:46:15.461048" elapsed="0.000515"/>
</kw>
<if>
<branch type="IF" condition="&quot;${rowInvoiceNumber}&quot; == &quot;${InvoiceNumber}&quot;">
<kw name="Log" owner="BuiltIn">
<arg>Lisätään rivejä laskulle</arg>
<doc>Logs the given message with the given level.</doc>
<status status="NOT RUN" start="2024-02-18T12:46:15.462081" elapsed="0.000000"/>
</kw>
<kw name="Add row data to list">
<arg>${items}</arg>
<status status="NOT RUN" start="2024-02-18T12:46:15.462597" elapsed="0.000000"/>
</kw>
<status status="NOT RUN" start="2024-02-18T12:46:15.461563" elapsed="0.001034"/>
</branch>
<branch type="ELSE">
<kw name="Log" owner="BuiltIn">
<msg time="2024-02-18T12:46:15.463112" level="INFO">Pitää tutkia onko tietokantalistassa jo rivejä</msg>
<arg>Pitää tutkia onko tietokantalistassa jo rivejä</arg>
<doc>Logs the given message with the given level.</doc>
<status status="PASS" start="2024-02-18T12:46:15.462597" elapsed="0.000515"/>
</kw>
<kw name="Get Length" owner="BuiltIn">
<msg time="2024-02-18T12:46:15.463627" level="INFO">Length is 1.</msg>
<msg time="2024-02-18T12:46:15.463627" level="INFO">${length} = 1</msg>
<var>${length}</var>
<arg>${ListToDB}</arg>
<doc>Returns and logs the length of the given item as an integer.</doc>
<status status="PASS" start="2024-02-18T12:46:15.463112" elapsed="0.000515"/>
</kw>
<if>
<branch type="IF" condition="${length} == ${0}">
<kw name="Log" owner="BuiltIn">
<arg>Ensimmäisen laskun tapaus</arg>
<doc>Logs the given message with the given level.</doc>
<status status="NOT RUN" start="2024-02-18T12:46:15.464871" elapsed="0.000000"/>
</kw>
<kw name="Set Variable" owner="BuiltIn">
<var>${InvoiceNumber}</var>
<arg>${rowInvoiceNumber}</arg>
<doc>Returns the given values which can then be assigned to a variables.</doc>
<status status="NOT RUN" start="2024-02-18T12:46:15.464871" elapsed="0.000503"/>
</kw>
<kw name="Add row data to list">
<arg>${items}</arg>
<status status="NOT RUN" start="2024-02-18T12:46:15.465374" elapsed="0.000000"/>
</kw>
<status status="NOT RUN" start="2024-02-18T12:46:15.464140" elapsed="0.001234"/>
</branch>
<branch type="ELSE">
<kw name="Log" owner="BuiltIn">
<msg time="2024-02-18T12:46:15.465890" level="INFO">Lasku vaihtuu</msg>
<arg>Lasku vaihtuu</arg>
<doc>Logs the given message with the given level.</doc>
<status status="PASS" start="2024-02-18T12:46:15.465890" elapsed="0.000000"/>
</kw>
<for flavor="IN">
<iter>
<kw name="Split String" owner="String">
<msg time="2024-02-18T12:46:15.466398" level="INFO">${headerItems} = ['"143143']</msg>
<var>${headerItems}</var>
<arg>${headerElement}</arg>
<arg>;</arg>
<doc>Splits the ``string`` using ``separator`` as a delimiter string.</doc>
<status status="PASS" start="2024-02-18T12:46:15.466398" elapsed="0.000519"/>
</kw>
<if>
<branch type="IF" condition="&quot;${headerItems}[0]&quot; == &quot;${InvoiceNumber}&quot;">
<kw name="Log" owner="BuiltIn">
<arg>Lasku löytyi</arg>
<doc>Logs the given message with the given level.</doc>
<status status="NOT RUN" start="2024-02-18T12:46:15.466917" elapsed="0.000000"/>
</kw>
<kw name="Add invoice header to db">
<arg>${headerItems}</arg>
<status status="NOT RUN" start="2024-02-18T12:46:15.467429" elapsed="0.000000"/>
</kw>
<for flavor="IN">
<iter>
<kw name="Add Invoice Row To DB">
<arg>${rowElement}</arg>
<status status="NOT RUN" start="2024-02-18T12:46:15.467429" elapsed="0.000515"/>
</kw>
<var name="${rowElement}"/>
<status status="NOT RUN" start="2024-02-18T12:46:15.467429" elapsed="0.000515"/>
</iter>
<var>${rowElement}</var>
<value>@{ListToDB}</value>
<status status="NOT RUN" start="2024-02-18T12:46:15.467429" elapsed="0.000515"/>
</for>
<msg time="2024-02-18T12:46:15.467944" level="FAIL">Invalid IF condition: Evaluating expression '""143143" == "1"' failed: SyntaxError: unterminated string literal (detected at line 1) (&lt;string&gt;, line 1)

Variables in the original expression '"${headerItems}[0]" == "${InvoiceNumber}"' were resolved before the expression was evaluated. Try using '"$headerItems" == "${InvoiceNumber}"" == "$InvoiceNumber"' syntax to avoid that. See Evaluating Expressions appendix in Robot Framework User Guide for more details.</msg>
<status status="FAIL" start="2024-02-18T12:46:15.466917" elapsed="0.001543">Invalid IF condition: Evaluating expression '""143143" == "1"' failed: SyntaxError: unterminated string literal (detected at line 1) (&lt;string&gt;, line 1)

Variables in the original expression '"${headerItems}[0]" == "${InvoiceNumber}"' were resolved before the expression was evaluated. Try using '"$headerItems" == "${InvoiceNumber}"" == "$InvoiceNumber"' syntax to avoid that. See Evaluating Expressions appendix in Robot Framework User Guide for more details.</status>
</branch>
<status status="FAIL" start="2024-02-18T12:46:15.466917" elapsed="0.002060">Invalid IF condition: Evaluating expression '""143143" == "1"' failed: SyntaxError: unterminated string literal (detected at line 1) (&lt;string&gt;, line 1)

Variables in the original expression '"${headerItems}[0]" == "${InvoiceNumber}"' were resolved before the expression was evaluated. Try using '"$headerItems" == "${InvoiceNumber}"" == "$InvoiceNumber"' syntax to avoid that. See Evaluating Expressions appendix in Robot Framework User Guide for more details.</status>
</if>
<var name="${headerElement}">"143143</var>
<status status="FAIL" start="2024-02-18T12:46:15.466398" elapsed="0.002579">Invalid IF condition: Evaluating expression '""143143" == "1"' failed: SyntaxError: unterminated string literal (detected at line 1) (&lt;string&gt;, line 1)

Variables in the original expression '"${headerItems}[0]" == "${InvoiceNumber}"' were resolved before the expression was evaluated. Try using '"$headerItems" == "${InvoiceNumber}"" == "$InvoiceNumber"' syntax to avoid that. See Evaluating Expressions appendix in Robot Framework User Guide for more details.</status>
</iter>
<var>${headerElement}</var>
<value>@{headers}</value>
<status status="FAIL" start="2024-02-18T12:46:15.465890" elapsed="0.003087">Invalid IF condition: Evaluating expression '""143143" == "1"' failed: SyntaxError: unterminated string literal (detected at line 1) (&lt;string&gt;, line 1)

Variables in the original expression '"${headerItems}[0]" == "${InvoiceNumber}"' were resolved before the expression was evaluated. Try using '"$headerItems" == "${InvoiceNumber}"" == "$InvoiceNumber"' syntax to avoid that. See Evaluating Expressions appendix in Robot Framework User Guide for more details.</status>
</for>
<kw name="Create List" owner="BuiltIn">
<var>@{ListToDB}</var>
<doc>Returns a list containing given items.</doc>
<status status="NOT RUN" start="2024-02-18T12:46:15.468977" elapsed="0.000000"/>
</kw>
<kw name="Set Global Variable" owner="BuiltIn">
<arg>${ListToDB}</arg>
<doc>Makes a variable available globally in all tests and suites.</doc>
<status status="NOT RUN" start="2024-02-18T12:46:15.469485" elapsed="0.000000"/>
</kw>
<kw name="Set Variable" owner="BuiltIn">
<var>${InvoiceNumber}</var>
<arg>${rowInvoiceNumber}</arg>
<doc>Returns the given values which can then be assigned to a variables.</doc>
<status status="NOT RUN" start="2024-02-18T12:46:15.469485" elapsed="0.000000"/>
</kw>
<kw name="Set Variable" owner="BuiltIn">
<arg>${InvoiceNumber}</arg>
<doc>Returns the given values which can then be assigned to a variables.</doc>
<status status="NOT RUN" start="2024-02-18T12:46:15.469485" elapsed="0.000518"/>
</kw>
<kw name="Add row data to list">
<arg>$items</arg>
<status status="NOT RUN" start="2024-02-18T12:46:15.470003" elapsed="0.000000"/>
</kw>
<status status="FAIL" start="2024-02-18T12:46:15.465374" elapsed="0.004629">Invalid IF condition: Evaluating expression '""143143" == "1"' failed: SyntaxError: unterminated string literal (detected at line 1) (&lt;string&gt;, line 1)

Variables in the original expression '"${headerItems}[0]" == "${InvoiceNumber}"' were resolved before the expression was evaluated. Try using '"$headerItems" == "${InvoiceNumber}"" == "$InvoiceNumber"' syntax to avoid that. See Evaluating Expressions appendix in Robot Framework User Guide for more details.</status>
</branch>
<status status="FAIL" start="2024-02-18T12:46:15.464140" elapsed="0.005863">Invalid IF condition: Evaluating expression '""143143" == "1"' failed: SyntaxError: unterminated string literal (detected at line 1) (&lt;string&gt;, line 1)

Variables in the original expression '"${headerItems}[0]" == "${InvoiceNumber}"' were resolved before the expression was evaluated. Try using '"$headerItems" == "${InvoiceNumber}"" == "$InvoiceNumber"' syntax to avoid that. See Evaluating Expressions appendix in Robot Framework User Guide for more details.</status>
</if>
<status status="FAIL" start="2024-02-18T12:46:15.462597" elapsed="0.007406">Invalid IF condition: Evaluating expression '""143143" == "1"' failed: SyntaxError: unterminated string literal (detected at line 1) (&lt;string&gt;, line 1)

Variables in the original expression '"${headerItems}[0]" == "${InvoiceNumber}"' were resolved before the expression was evaluated. Try using '"$headerItems" == "${InvoiceNumber}"" == "$InvoiceNumber"' syntax to avoid that. See Evaluating Expressions appendix in Robot Framework User Guide for more details.</status>
</branch>
<status status="FAIL" start="2024-02-18T12:46:15.461563" elapsed="0.008958">Invalid IF condition: Evaluating expression '""143143" == "1"' failed: SyntaxError: unterminated string literal (detected at line 1) (&lt;string&gt;, line 1)

Variables in the original expression '"${headerItems}[0]" == "${InvoiceNumber}"' were resolved before the expression was evaluated. Try using '"$headerItems" == "${InvoiceNumber}"" == "$InvoiceNumber"' syntax to avoid that. See Evaluating Expressions appendix in Robot Framework User Guide for more details.</status>
</if>
<var name="${element}">Replacement Products;10;kpl;105;24;252;1302;2;</var>
<status status="FAIL" start="2024-02-18T12:46:15.459265" elapsed="0.011256">Invalid IF condition: Evaluating expression '""143143" == "1"' failed: SyntaxError: unterminated string literal (detected at line 1) (&lt;string&gt;, line 1)

Variables in the original expression '"${headerItems}[0]" == "${InvoiceNumber}"' were resolved before the expression was evaluated. Try using '"$headerItems" == "${InvoiceNumber}"" == "$InvoiceNumber"' syntax to avoid that. See Evaluating Expressions appendix in Robot Framework User Guide for more details.</status>
</iter>
<var>${element}</var>
<value>@{rows}</value>
<status status="FAIL" start="2024-02-18T12:46:15.436556" elapsed="0.033965">Invalid IF condition: Evaluating expression '""143143" == "1"' failed: SyntaxError: unterminated string literal (detected at line 1) (&lt;string&gt;, line 1)

Variables in the original expression '"${headerItems}[0]" == "${InvoiceNumber}"' were resolved before the expression was evaluated. Try using '"$headerItems" == "${InvoiceNumber}"" == "$InvoiceNumber"' syntax to avoid that. See Evaluating Expressions appendix in Robot Framework User Guide for more details.</status>
</for>
<kw name="Get Length" owner="BuiltIn">
<var>${length}</var>
<arg>${ListToDB}</arg>
<doc>Returns and logs the length of the given item as an integer.</doc>
<status status="NOT RUN" start="2024-02-18T12:46:15.471040" elapsed="0.000000"/>
</kw>
<if>
<branch type="IF" condition="${length} &gt; ${0}">
<for flavor="IN">
<iter>
<kw name="Split String" owner="String">
<var>${headerItems}</var>
<arg>${headerElement}</arg>
<arg>;</arg>
<doc>Splits the ``string`` using ``separator`` as a delimiter string.</doc>
<status status="NOT RUN" start="2024-02-18T12:46:15.472096" elapsed="0.000000"/>
</kw>
<if>
<branch type="IF" condition="'${headerItems}[0]' == '${InvoiceNumber}'">
<kw name="Log" owner="BuiltIn">
<arg>Lasku löytyi</arg>
<doc>Logs the given message with the given level.</doc>
<status status="NOT RUN" start="2024-02-18T12:46:15.472615" elapsed="0.000000"/>
</kw>
<kw name="Add invoice header to db">
<arg>${headerItems}</arg>
<status status="NOT RUN" start="2024-02-18T12:46:15.473137" elapsed="0.000000"/>
</kw>
<for flavor="IN">
<iter>
<kw name="Add Invoice Row To DB">
<arg>${rowElement}</arg>
<status status="NOT RUN" start="2024-02-18T12:46:15.473658" elapsed="0.000000"/>
</kw>
<var name="${rowElement}"/>
<status status="NOT RUN" start="2024-02-18T12:46:15.473137" elapsed="0.000521"/>
</iter>
<var>${rowElement}</var>
<value>@{ListToDB}</value>
<status status="NOT RUN" start="2024-02-18T12:46:15.473137" elapsed="0.000521"/>
</for>
<status status="NOT RUN" start="2024-02-18T12:46:15.472615" elapsed="0.001043"/>
</branch>
<status status="NOT RUN" start="2024-02-18T12:46:15.472615" elapsed="0.001043"/>
</if>
<var name="${headerElement}"/>
<status status="NOT RUN" start="2024-02-18T12:46:15.471557" elapsed="0.002101"/>
</iter>
<var>${headerElement}</var>
<value>@{headers}</value>
<status status="NOT RUN" start="2024-02-18T12:46:15.471557" elapsed="0.002618"/>
</for>
<status status="NOT RUN" start="2024-02-18T12:46:15.471040" elapsed="0.003135"/>
</branch>
<status status="NOT RUN" start="2024-02-18T12:46:15.471040" elapsed="0.003135"/>
</if>
<status status="FAIL" start="2024-02-18T12:46:15.436048" elapsed="0.038644">Invalid IF condition: Evaluating expression '""143143" == "1"' failed: SyntaxError: unterminated string literal (detected at line 1) (&lt;string&gt;, line 1)

Variables in the original expression '"${headerItems}[0]" == "${InvoiceNumber}"' were resolved before the expression was evaluated. Try using '"$headerItems" == "${InvoiceNumber}"" == "$InvoiceNumber"' syntax to avoid that. See Evaluating Expressions appendix in Robot Framework User Guide for more details.</status>
</test>
<status status="FAIL" start="2024-02-18T12:46:15.349766" elapsed="0.125959"/>
</suite>
<statistics>
<total>
<stat pass="1" fail="1" skip="0">All Tests</stat>
</total>
<tag>
</tag>
<suite>
<stat pass="1" fail="1" skip="0" id="s1" name="Rf Project">Rf Project</stat>
</suite>
</statistics>
<errors>
</errors>
</robot>
